Flow report for microarquiteturaGp3
Wed Jun 26 12:29:16 2019
Quartus II 32-bit Version 13.0.1 Build 232 06/12/2013 Service Pack 1 SJ Web Edition


---------------------
; Table of Contents ;
---------------------
  1. Legal Notice
  2. Flow Summary
  3. Flow Settings
  4. Flow Non-Default Global Settings
  5. Flow Elapsed Time
  6. Flow OS Summary
  7. Flow Log
  8. Flow Messages
  9. Flow Suppressed Messages



----------------
; Legal Notice ;
----------------
Copyright (C) 1991-2013 Altera Corporation
Your use of Altera Corporation's design tools, logic functions 
and other software and tools, and its AMPP partner logic 
functions, and any output files from any of the foregoing 
(including device programming or simulation files), and any 
associated documentation or information are expressly subject 
to the terms and conditions of the Altera Program License 
Subscription Agreement, Altera MegaCore Function License 
Agreement, or other applicable license agreement, including, 
without limitation, that your use is for the sole purpose of 
programming logic devices manufactured by Altera and sold by 
Altera or its authorized distributors.  Please refer to the 
applicable agreement for further details.



+--------------------------------------------------------------------------------------+
; Flow Summary                                                                         ;
+------------------------------------+-------------------------------------------------+
; Flow Status                        ; Successful - Wed Jun 26 12:29:16 2019           ;
; Quartus II 32-bit Version          ; 13.0.1 Build 232 06/12/2013 SP 1 SJ Web Edition ;
; Revision Name                      ; microarquiteturaGp3                             ;
; Top-level Entity Name              ; microarquiteturaGp3                             ;
; Family                             ; Cyclone IV E                                    ;
; Device                             ; EP4CE30F23C7                                    ;
; Timing Models                      ; Final                                           ;
; Total logic elements               ; 1,832 / 28,848 ( 6 % )                          ;
;     Total combinational functions  ; 1,725 / 28,848 ( 6 % )                          ;
;     Dedicated logic registers      ; 1,001 / 28,848 ( 3 % )                          ;
; Total registers                    ; 1001                                            ;
; Total pins                         ; 30 / 329 ( 9 % )                                ;
; Total virtual pins                 ; 0                                               ;
; Total memory bits                  ; 44,032 / 608,256 ( 7 % )                        ;
; Embedded Multiplier 9-bit elements ; 0 / 132 ( 0 % )                                 ;
; Total PLLs                         ; 0 / 4 ( 0 % )                                   ;
+------------------------------------+-------------------------------------------------+


+-----------------------------------------+
; Flow Settings                           ;
+-------------------+---------------------+
; Option            ; Setting             ;
+-------------------+---------------------+
; Start date & time ; 06/26/2019 12:26:50 ;
; Main task         ; Compilation         ;
; Revision Name     ; microarquiteturaGp3 ;
+-------------------+---------------------+


+--------------------------------------------------------------------------------------------------------------------------------------------------------------------------------------------------------------------------+
; Flow Non-Default Global Settings                                                                                                                                                                                         ;
+-------------------------------------+-----------------------------------------------------------------------+---------------+---------------------------------------------------------------------------+----------------+
; Assignment Name                     ; Value                                                                 ; Default Value ; Entity Name                                                               ; Section Id     ;
+-------------------------------------+-----------------------------------------------------------------------+---------------+---------------------------------------------------------------------------+----------------+
; COMPILER_SIGNATURE_ID               ; 105425943462.156156280917221                                          ; --            ; --                                                                        ; --             ;
; EDA_OUTPUT_DATA_FORMAT              ; Vhdl                                                                  ; --            ; --                                                                        ; eda_simulation ;
; EDA_SIMULATION_TOOL                 ; ModelSim-Altera (VHDL)                                                ; <None>        ; --                                                                        ; --             ;
; IP_TOOL_ENV                         ; Qsys                                                                  ; --            ; altera_avalon_sc_fifo                                                     ; --             ;
; IP_TOOL_ENV                         ; Qsys                                                                  ; --            ; altera_customins_master_translator                                        ; --             ;
; IP_TOOL_ENV                         ; Qsys                                                                  ; --            ; altera_customins_slave_translator                                         ; --             ;
; IP_TOOL_ENV                         ; Qsys                                                                  ; --            ; altera_merlin_master_agent                                                ; --             ;
; IP_TOOL_ENV                         ; Qsys                                                                  ; --            ; altera_merlin_master_translator                                           ; --             ;
; IP_TOOL_ENV                         ; Qsys                                                                  ; --            ; altera_merlin_slave_agent                                                 ; --             ;
; IP_TOOL_ENV                         ; Qsys                                                                  ; --            ; altera_merlin_slave_translator                                            ; --             ;
; IP_TOOL_ENV                         ; Qsys                                                                  ; --            ; altera_reset_controller                                                   ; --             ;
; IP_TOOL_ENV                         ; Qsys                                                                  ; --            ; --                                                                        ; --             ;
; IP_TOOL_ENV                         ; Qsys                                                                  ; --            ; microarquiteturaGp3_addr_router                                           ; --             ;
; IP_TOOL_ENV                         ; Qsys                                                                  ; --            ; microarquiteturaGp3_buttons                                               ; --             ;
; IP_TOOL_ENV                         ; Qsys                                                                  ; --            ; microarquiteturaGp3_cmd_xbar_demux                                        ; --             ;
; IP_TOOL_ENV                         ; Qsys                                                                  ; --            ; microarquiteturaGp3_cmd_xbar_mux                                          ; --             ;
; IP_TOOL_ENV                         ; Qsys                                                                  ; --            ; microarquiteturaGp3_id_router                                             ; --             ;
; IP_TOOL_ENV                         ; Qsys                                                                  ; --            ; microarquiteturaGp3_irq_mapper                                            ; --             ;
; IP_TOOL_ENV                         ; Qsys                                                                  ; --            ; microarquiteturaGp3_jtag_uart_0                                           ; --             ;
; IP_TOOL_ENV                         ; Qsys                                                                  ; --            ; microarquiteturaGp3_leds_columns                                          ; --             ;
; IP_TOOL_ENV                         ; Qsys                                                                  ; --            ; microarquiteturaGp3_leds_rows                                             ; --             ;
; IP_TOOL_ENV                         ; Qsys                                                                  ; --            ; microarquiteturaGp3_nios2_qsys_0                                          ; --             ;
; IP_TOOL_ENV                         ; Qsys                                                                  ; --            ; microarquiteturaGp3_nios2_qsys_0_custom_instruction_master_multi_xconnect ; --             ;
; IP_TOOL_ENV                         ; Qsys                                                                  ; --            ; microarquiteturaGp3_onchip_memory2_0                                      ; --             ;
; IP_TOOL_ENV                         ; Qsys                                                                  ; --            ; microarquiteturaGp3_rsp_xbar_demux                                        ; --             ;
; IP_TOOL_ENV                         ; Qsys                                                                  ; --            ; microarquiteturaGp3_rsp_xbar_mux                                          ; --             ;
; IP_TOOL_NAME                        ; altera_avalon_sc_fifo                                                 ; --            ; altera_avalon_sc_fifo                                                     ; --             ;
; IP_TOOL_NAME                        ; altera_customins_master_translator                                    ; --            ; altera_customins_master_translator                                        ; --             ;
; IP_TOOL_NAME                        ; altera_customins_slave_translator                                     ; --            ; altera_customins_slave_translator                                         ; --             ;
; IP_TOOL_NAME                        ; altera_merlin_master_agent                                            ; --            ; altera_merlin_master_agent                                                ; --             ;
; IP_TOOL_NAME                        ; altera_merlin_master_translator                                       ; --            ; altera_merlin_master_translator                                           ; --             ;
; IP_TOOL_NAME                        ; altera_merlin_slave_agent                                             ; --            ; altera_merlin_slave_agent                                                 ; --             ;
; IP_TOOL_NAME                        ; altera_merlin_slave_translator                                        ; --            ; altera_merlin_slave_translator                                            ; --             ;
; IP_TOOL_NAME                        ; altera_reset_controller                                               ; --            ; altera_reset_controller                                                   ; --             ;
; IP_TOOL_NAME                        ; Qsys                                                                  ; --            ; --                                                                        ; --             ;
; IP_TOOL_NAME                        ; altera_merlin_router                                                  ; --            ; microarquiteturaGp3_addr_router                                           ; --             ;
; IP_TOOL_NAME                        ; altera_avalon_pio                                                     ; --            ; microarquiteturaGp3_buttons                                               ; --             ;
; IP_TOOL_NAME                        ; altera_merlin_demultiplexer                                           ; --            ; microarquiteturaGp3_cmd_xbar_demux                                        ; --             ;
; IP_TOOL_NAME                        ; altera_merlin_multiplexer                                             ; --            ; microarquiteturaGp3_cmd_xbar_mux                                          ; --             ;
; IP_TOOL_NAME                        ; altera_merlin_router                                                  ; --            ; microarquiteturaGp3_id_router                                             ; --             ;
; IP_TOOL_NAME                        ; altera_irq_mapper                                                     ; --            ; microarquiteturaGp3_irq_mapper                                            ; --             ;
; IP_TOOL_NAME                        ; altera_avalon_jtag_uart                                               ; --            ; microarquiteturaGp3_jtag_uart_0                                           ; --             ;
; IP_TOOL_NAME                        ; altera_avalon_pio                                                     ; --            ; microarquiteturaGp3_leds_columns                                          ; --             ;
; IP_TOOL_NAME                        ; altera_avalon_pio                                                     ; --            ; microarquiteturaGp3_leds_rows                                             ; --             ;
; IP_TOOL_NAME                        ; altera_nios2_qsys                                                     ; --            ; microarquiteturaGp3_nios2_qsys_0                                          ; --             ;
; IP_TOOL_NAME                        ; altera_customins_xconnect                                             ; --            ; microarquiteturaGp3_nios2_qsys_0_custom_instruction_master_multi_xconnect ; --             ;
; IP_TOOL_NAME                        ; altera_avalon_onchip_memory2                                          ; --            ; microarquiteturaGp3_onchip_memory2_0                                      ; --             ;
; IP_TOOL_NAME                        ; altera_merlin_demultiplexer                                           ; --            ; microarquiteturaGp3_rsp_xbar_demux                                        ; --             ;
; IP_TOOL_NAME                        ; altera_merlin_multiplexer                                             ; --            ; microarquiteturaGp3_rsp_xbar_mux                                          ; --             ;
; IP_TOOL_VERSION                     ; 13.0                                                                  ; --            ; altera_avalon_sc_fifo                                                     ; --             ;
; IP_TOOL_VERSION                     ; 13.0                                                                  ; --            ; altera_customins_master_translator                                        ; --             ;
; IP_TOOL_VERSION                     ; 13.0                                                                  ; --            ; altera_customins_slave_translator                                         ; --             ;
; IP_TOOL_VERSION                     ; 13.0                                                                  ; --            ; altera_merlin_master_agent                                                ; --             ;
; IP_TOOL_VERSION                     ; 13.0                                                                  ; --            ; altera_merlin_master_translator                                           ; --             ;
; IP_TOOL_VERSION                     ; 13.0                                                                  ; --            ; altera_merlin_slave_agent                                                 ; --             ;
; IP_TOOL_VERSION                     ; 13.0                                                                  ; --            ; altera_merlin_slave_translator                                            ; --             ;
; IP_TOOL_VERSION                     ; 13.0                                                                  ; --            ; altera_reset_controller                                                   ; --             ;
; IP_TOOL_VERSION                     ; 13.0sp1                                                               ; --            ; --                                                                        ; --             ;
; IP_TOOL_VERSION                     ; 13.0                                                                  ; --            ; microarquiteturaGp3_addr_router                                           ; --             ;
; IP_TOOL_VERSION                     ; 13.0.1.99.2                                                           ; --            ; microarquiteturaGp3_buttons                                               ; --             ;
; IP_TOOL_VERSION                     ; 13.0                                                                  ; --            ; microarquiteturaGp3_cmd_xbar_demux                                        ; --             ;
; IP_TOOL_VERSION                     ; 13.0                                                                  ; --            ; microarquiteturaGp3_cmd_xbar_mux                                          ; --             ;
; IP_TOOL_VERSION                     ; 13.0                                                                  ; --            ; microarquiteturaGp3_id_router                                             ; --             ;
; IP_TOOL_VERSION                     ; 13.0                                                                  ; --            ; microarquiteturaGp3_irq_mapper                                            ; --             ;
; IP_TOOL_VERSION                     ; 13.0.1.99.2                                                           ; --            ; microarquiteturaGp3_jtag_uart_0                                           ; --             ;
; IP_TOOL_VERSION                     ; 13.0.1.99.2                                                           ; --            ; microarquiteturaGp3_leds_columns                                          ; --             ;
; IP_TOOL_VERSION                     ; 13.0.1.99.2                                                           ; --            ; microarquiteturaGp3_leds_rows                                             ; --             ;
; IP_TOOL_VERSION                     ; 13.0                                                                  ; --            ; microarquiteturaGp3_nios2_qsys_0                                          ; --             ;
; IP_TOOL_VERSION                     ; 13.0                                                                  ; --            ; microarquiteturaGp3_nios2_qsys_0_custom_instruction_master_multi_xconnect ; --             ;
; IP_TOOL_VERSION                     ; 13.0.1.99.2                                                           ; --            ; microarquiteturaGp3_onchip_memory2_0                                      ; --             ;
; IP_TOOL_VERSION                     ; 13.0                                                                  ; --            ; microarquiteturaGp3_rsp_xbar_demux                                        ; --             ;
; IP_TOOL_VERSION                     ; 13.0                                                                  ; --            ; microarquiteturaGp3_rsp_xbar_mux                                          ; --             ;
; MAX_CORE_JUNCTION_TEMP              ; 85                                                                    ; --            ; --                                                                        ; --             ;
; MIN_CORE_JUNCTION_TEMP              ; 0                                                                     ; --            ; --                                                                        ; --             ;
; MISC_FILE                           ; microarquiteturaGp3/synthesis/../../microarquiteturaGp3.cmp           ; --            ; --                                                                        ; --             ;
; MISC_FILE                           ; microarquiteturaGp3/synthesis/../../microarquiteturaGp3.qsys          ; --            ; --                                                                        ; --             ;
; NOMINAL_CORE_SUPPLY_VOLTAGE         ; 1.2V                                                                  ; --            ; --                                                                        ; --             ;
; PARTITION_COLOR                     ; 16764057                                                              ; --            ; --                                                                        ; Top            ;
; PARTITION_FITTER_PRESERVATION_LEVEL ; PLACEMENT_AND_ROUTING                                                 ; --            ; --                                                                        ; Top            ;
; PARTITION_NETLIST_TYPE              ; SOURCE                                                                ; --            ; --                                                                        ; Top            ;
; POWER_BOARD_THERMAL_MODEL           ; None (CONSERVATIVE)                                                   ; --            ; --                                                                        ; --             ;
; POWER_PRESET_COOLING_SOLUTION       ; 23 MM HEAT SINK WITH 200 LFPM AIRFLOW                                 ; --            ; --                                                                        ; --             ;
; PROJECT_OUTPUT_DIRECTORY            ; output_files                                                          ; --            ; --                                                                        ; --             ;
; SLD_INFO                            ; QSYS_NAME microarquiteturaGp3 HAS_SOPCINFO 1 GENERATION_ID 1561560873 ; --            ; --                                                                        ; --             ;
; SOPCINFO_FILE                       ; microarquiteturaGp3/synthesis/../../microarquiteturaGp3.sopcinfo      ; --            ; --                                                                        ; --             ;
; SYNTHESIS_ONLY_QIP                  ; On                                                                    ; --            ; --                                                                        ; --             ;
+-------------------------------------+-----------------------------------------------------------------------+---------------+---------------------------------------------------------------------------+----------------+


+-------------------------------------------------------------------------------------------------------------------------------+
; Flow Elapsed Time                                                                                                             ;
+---------------------------+--------------+-------------------------+---------------------+------------------------------------+
; Module Name               ; Elapsed Time ; Average Processors Used ; Peak Virtual Memory ; Total CPU Time (on all processors) ;
+---------------------------+--------------+-------------------------+---------------------+------------------------------------+
; Analysis & Synthesis      ; 00:00:34     ; 1.0                     ; 410 MB              ; 00:00:34                           ;
; Fitter                    ; 00:00:57     ; 1.0                     ; 574 MB              ; 00:00:56                           ;
; Assembler                 ; 00:00:08     ; 1.0                     ; 341 MB              ; 00:00:09                           ;
; TimeQuest Timing Analyzer ; 00:00:11     ; 1.0                     ; 396 MB              ; 00:00:11                           ;
; EDA Netlist Writer        ; 00:00:10     ; 1.0                     ; 336 MB              ; 00:00:10                           ;
; Total                     ; 00:02:00     ; --                      ; --                  ; 00:02:00                           ;
+---------------------------+--------------+-------------------------+---------------------+------------------------------------+


+-----------------------------------------------------------------------------------------------+
; Flow OS Summary                                                                               ;
+---------------------------+------------------+------------------+------------+----------------+
; Module Name               ; Machine Hostname ; OS Name          ; OS Version ; Processor type ;
+---------------------------+------------------+------------------+------------+----------------+
; Analysis & Synthesis      ; LabHard-25089    ; Debian GNU/Linux ; 7          ; i686           ;
; Fitter                    ; LabHard-25089    ; Debian GNU/Linux ; 7          ; i686           ;
; Assembler                 ; LabHard-25089    ; Debian GNU/Linux ; 7          ; i686           ;
; TimeQuest Timing Analyzer ; LabHard-25089    ; Debian GNU/Linux ; 7          ; i686           ;
; EDA Netlist Writer        ; LabHard-25089    ; Debian GNU/Linux ; 7          ; i686           ;
+---------------------------+------------------+------------------+------------+----------------+


------------
; Flow Log ;
------------
quartus_map --read_settings_files=on --write_settings_files=off microarquiteturaGp3 -c microarquiteturaGp3
quartus_fit --read_settings_files=off --write_settings_files=off microarquiteturaGp3 -c microarquiteturaGp3
quartus_asm --read_settings_files=off --write_settings_files=off microarquiteturaGp3 -c microarquiteturaGp3
quartus_sta microarquiteturaGp3 -c microarquiteturaGp3
quartus_eda --read_settings_files=off --write_settings_files=off microarquiteturaGp3 -c microarquiteturaGp3



