Info: Starting: Create block symbol file (.bsf)
Info: qsys-generate /home/prometheus/quartus-workspace/microarquitetura/microarquiteturaQsys.qsys --block-symbol-file --output-directory=/home/prometheus/quartus-workspace/microarquitetura/microarquiteturaQsys --family="Cyclone IV E" --part=EP4CE30F23C7
Progress: Loading microarquitetura/microarquiteturaQsys.qsys
Progress: Reading input file
Progress: Adding clk_0 [clock_source 18.1]
Progress: Parameterizing module clk_0
Progress: Adding jtag_uart_0 [altera_avalon_jtag_uart 18.1]
Progress: Parameterizing module jtag_uart_0
Progress: Adding leds [altera_avalon_pio 18.1]
Progress: Parameterizing module leds
Progress: Adding nios2_gen2_0 [altera_nios2_gen2 18.1]
Progress: Parameterizing module nios2_gen2_0
Progress: Adding onchip_memory2_0 [altera_avalon_onchip_memory2 18.1]
Progress: Parameterizing module onchip_memory2_0
Progress: Adding switches [altera_avalon_pio 18.1]
Progress: Parameterizing module switches
Progress: Building connections
Progress: Parameterizing connections
Progress: Validating
Progress: Done reading input file
Info: microarquiteturaQsys.jtag_uart_0: JTAG UART IP input clock need to be at least double (2x) the operating frequency of JTAG TCK on board
Info: microarquiteturaQsys.switches: PIO inputs are not hardwired in test bench. Undefined values will be read from PIO inputs during simulation.
Info: qsys-generate succeeded.
Info: Finished: Create block symbol file (.bsf)
Info: 
Info: Starting: Create HDL design files for synthesis
Info: qsys-generate /home/prometheus/quartus-workspace/microarquitetura/microarquiteturaQsys.qsys --synthesis=VERILOG --output-directory=/home/prometheus/quartus-workspace/microarquitetura/microarquiteturaQsys/synthesis --family="Cyclone IV E" --part=EP4CE30F23C7
Progress: Loading microarquitetura/microarquiteturaQsys.qsys
Progress: Reading input file
Progress: Adding clk_0 [clock_source 18.1]
Progress: Parameterizing module clk_0
Progress: Adding jtag_uart_0 [altera_avalon_jtag_uart 18.1]
Progress: Parameterizing module jtag_uart_0
Progress: Adding leds [altera_avalon_pio 18.1]
Progress: Parameterizing module leds
Progress: Adding nios2_gen2_0 [altera_nios2_gen2 18.1]
Progress: Parameterizing module nios2_gen2_0
Progress: Adding onchip_memory2_0 [altera_avalon_onchip_memory2 18.1]
Progress: Parameterizing module onchip_memory2_0
Progress: Adding switches [altera_avalon_pio 18.1]
Progress: Parameterizing module switches
Progress: Building connections
Progress: Parameterizing connections
Progress: Validating
Progress: Done reading input file
Info: microarquiteturaQsys.jtag_uart_0: JTAG UART IP input clock need to be at least double (2x) the operating frequency of JTAG TCK on board
Info: microarquiteturaQsys.switches: PIO inputs are not hardwired in test bench. Undefined values will be read from PIO inputs during simulation.
Info: microarquiteturaQsys: Generating microarquiteturaQsys "microarquiteturaQsys" for QUARTUS_SYNTH
Info: jtag_uart_0: Starting RTL generation for module 'microarquiteturaQsys_jtag_uart_0'
Info: jtag_uart_0:   Generation command is [exec /opt/intelFPGA_lite/18.1/quartus/linux64/perl/bin/perl -I /opt/intelFPGA_lite/18.1/quartus/linux64/perl/lib -I /opt/intelFPGA_lite/18.1/quartus/sopc_builder/bin/europa -I /opt/intelFPGA_lite/18.1/quartus/sopc_builder/bin/perl_lib -I /opt/intelFPGA_lite/18.1/quartus/sopc_builder/bin -I /opt/intelFPGA_lite/18.1/quartus/../ip/altera/sopc_builder_ip/common -I /opt/intelFPGA_lite/18.1/quartus/../ip/altera/sopc_builder_ip/altera_avalon_jtag_uart -- /opt/intelFPGA_lite/18.1/quartus/../ip/altera/sopc_builder_ip/altera_avalon_jtag_uart/generate_rtl.pl --name=microarquiteturaQsys_jtag_uart_0 --dir=/tmp/alt7990_453038205337265755.dir/0002_jtag_uart_0_gen/ --quartus_dir=/opt/intelFPGA_lite/18.1/quartus --verilog --config=/tmp/alt7990_453038205337265755.dir/0002_jtag_uart_0_gen//microarquiteturaQsys_jtag_uart_0_component_configuration.pl  --do_build_sim=0  ]
Info: jtag_uart_0: Done RTL generation for module 'microarquiteturaQsys_jtag_uart_0'
Info: jtag_uart_0: "microarquiteturaQsys" instantiated altera_avalon_jtag_uart "jtag_uart_0"
Info: leds: Starting RTL generation for module 'microarquiteturaQsys_leds'
Info: leds:   Generation command is [exec /opt/intelFPGA_lite/18.1/quartus/linux64/perl/bin/perl -I /opt/intelFPGA_lite/18.1/quartus/linux64/perl/lib -I /opt/intelFPGA_lite/18.1/quartus/sopc_builder/bin/europa -I /opt/intelFPGA_lite/18.1/quartus/sopc_builder/bin/perl_lib -I /opt/intelFPGA_lite/18.1/quartus/sopc_builder/bin -I /opt/intelFPGA_lite/18.1/quartus/../ip/altera/sopc_builder_ip/common -I /opt/intelFPGA_lite/18.1/quartus/../ip/altera/sopc_builder_ip/altera_avalon_pio -- /opt/intelFPGA_lite/18.1/quartus/../ip/altera/sopc_builder_ip/altera_avalon_pio/generate_rtl.pl --name=microarquiteturaQsys_leds --dir=/tmp/alt7990_453038205337265755.dir/0003_leds_gen/ --quartus_dir=/opt/intelFPGA_lite/18.1/quartus --verilog --config=/tmp/alt7990_453038205337265755.dir/0003_leds_gen//microarquiteturaQsys_leds_component_configuration.pl  --do_build_sim=0  ]
Info: leds: Done RTL generation for module 'microarquiteturaQsys_leds'
Info: leds: "microarquiteturaQsys" instantiated altera_avalon_pio "leds"
Info: nios2_gen2_0: "microarquiteturaQsys" instantiated altera_nios2_gen2 "nios2_gen2_0"
Info: onchip_memory2_0: Starting RTL generation for module 'microarquiteturaQsys_onchip_memory2_0'
Info: onchip_memory2_0:   Generation command is [exec /opt/intelFPGA_lite/18.1/quartus/linux64/perl/bin/perl -I /opt/intelFPGA_lite/18.1/quartus/linux64/perl/lib -I /opt/intelFPGA_lite/18.1/quartus/sopc_builder/bin/europa -I /opt/intelFPGA_lite/18.1/quartus/sopc_builder/bin/perl_lib -I /opt/intelFPGA_lite/18.1/quartus/sopc_builder/bin -I /opt/intelFPGA_lite/18.1/quartus/../ip/altera/sopc_builder_ip/common -I /opt/intelFPGA_lite/18.1/quartus/../ip/altera/sopc_builder_ip/altera_avalon_onchip_memory2 -- /opt/intelFPGA_lite/18.1/quartus/../ip/altera/sopc_builder_ip/altera_avalon_onchip_memory2/generate_rtl.pl --name=microarquiteturaQsys_onchip_memory2_0 --dir=/tmp/alt7990_453038205337265755.dir/0004_onchip_memory2_0_gen/ --quartus_dir=/opt/intelFPGA_lite/18.1/quartus --verilog --config=/tmp/alt7990_453038205337265755.dir/0004_onchip_memory2_0_gen//microarquiteturaQsys_onchip_memory2_0_component_configuration.pl  --do_build_sim=0  ]
Info: onchip_memory2_0: Done RTL generation for module 'microarquiteturaQsys_onchip_memory2_0'
Info: onchip_memory2_0: "microarquiteturaQsys" instantiated altera_avalon_onchip_memory2 "onchip_memory2_0"
Info: switches: Starting RTL generation for module 'microarquiteturaQsys_switches'
Info: switches:   Generation command is [exec /opt/intelFPGA_lite/18.1/quartus/linux64/perl/bin/perl -I /opt/intelFPGA_lite/18.1/quartus/linux64/perl/lib -I /opt/intelFPGA_lite/18.1/quartus/sopc_builder/bin/europa -I /opt/intelFPGA_lite/18.1/quartus/sopc_builder/bin/perl_lib -I /opt/intelFPGA_lite/18.1/quartus/sopc_builder/bin -I /opt/intelFPGA_lite/18.1/quartus/../ip/altera/sopc_builder_ip/common -I /opt/intelFPGA_lite/18.1/quartus/../ip/altera/sopc_builder_ip/altera_avalon_pio -- /opt/intelFPGA_lite/18.1/quartus/../ip/altera/sopc_builder_ip/altera_avalon_pio/generate_rtl.pl --name=microarquiteturaQsys_switches --dir=/tmp/alt7990_453038205337265755.dir/0005_switches_gen/ --quartus_dir=/opt/intelFPGA_lite/18.1/quartus --verilog --config=/tmp/alt7990_453038205337265755.dir/0005_switches_gen//microarquiteturaQsys_switches_component_configuration.pl  --do_build_sim=0  ]
Info: switches: Done RTL generation for module 'microarquiteturaQsys_switches'
Info: switches: "microarquiteturaQsys" instantiated altera_avalon_pio "switches"
Info: avalon_st_adapter: Inserting error_adapter: error_adapter_0
Info: avalon_st_adapter_001: Inserting error_adapter: error_adapter_0
Info: avalon_st_adapter_002: Inserting error_adapter: error_adapter_0
Info: avalon_st_adapter_003: Inserting error_adapter: error_adapter_0
Info: avalon_st_adapter_004: Inserting error_adapter: error_adapter_0
Info: mm_interconnect_0: "microarquiteturaQsys" instantiated altera_mm_interconnect "mm_interconnect_0"
Info: irq_mapper: "microarquiteturaQsys" instantiated altera_irq_mapper "irq_mapper"
Info: rst_controller: "microarquiteturaQsys" instantiated altera_reset_controller "rst_controller"
Info: cpu: Starting RTL generation for module 'microarquiteturaQsys_nios2_gen2_0_cpu'
Info: cpu:   Generation command is [exec /opt/intelFPGA_lite/18.1/quartus/linux64//eperlcmd -I /opt/intelFPGA_lite/18.1/quartus/linux64//perl/lib -I /opt/intelFPGA_lite/18.1/quartus/sopc_builder/bin/europa -I /opt/intelFPGA_lite/18.1/quartus/sopc_builder/bin/perl_lib -I /opt/intelFPGA_lite/18.1/quartus/sopc_builder/bin -I /opt/intelFPGA_lite/18.1/quartus/../ip/altera/nios2_ip/altera_nios2_gen2/cpu_lib -I /opt/intelFPGA_lite/18.1/quartus/../ip/altera/nios2_ip/altera_nios2_gen2/nios_lib -I /opt/intelFPGA_lite/18.1/quartus/../ip/altera/nios2_ip/altera_nios2_gen2 -I /opt/intelFPGA_lite/18.1/quartus/../ip/altera/nios2_ip/altera_nios2_gen2 -- /opt/intelFPGA_lite/18.1/quartus/../ip/altera/nios2_ip/altera_nios2_gen2/generate_rtl.epl --name=microarquiteturaQsys_nios2_gen2_0_cpu --dir=/tmp/alt7990_453038205337265755.dir/0008_cpu_gen/ --quartus_bindir=/opt/intelFPGA_lite/18.1/quartus/linux64/ --verilog --config=/tmp/alt7990_453038205337265755.dir/0008_cpu_gen//microarquiteturaQsys_nios2_gen2_0_cpu_processor_configuration.pl  --do_build_sim=0  ]
Info: cpu: # 2019.04.04 00:46:48 (*) Starting Nios II generation
Info: cpu: # 2019.04.04 00:46:48 (*)   Checking for plaintext license.
Info: cpu: # 2019.04.04 00:46:49 (*)   Couldn't query license setup in Quartus directory /opt/intelFPGA_lite/18.1/quartus/linux64/
Info: cpu: # 2019.04.04 00:46:49 (*)   Defaulting to contents of LM_LICENSE_FILE environment variable
Info: cpu: # 2019.04.04 00:46:49 (*)   LM_LICENSE_FILE environment variable is empty
Info: cpu: # 2019.04.04 00:46:49 (*)   Plaintext license not found.
Info: cpu: # 2019.04.04 00:46:49 (*)   No license required to generate encrypted Nios II/e.
Info: cpu: # 2019.04.04 00:46:49 (*)   Elaborating CPU configuration settings
Info: cpu: # 2019.04.04 00:46:49 (*)   Creating all objects for CPU
Info: cpu: # 2019.04.04 00:46:53 (*)   Generating RTL from CPU objects
Info: cpu: # 2019.04.04 00:46:53 (*)   Creating plain-text RTL
Info: cpu: # 2019.04.04 00:46:54 (*) Done Nios II generation
Info: cpu: Done RTL generation for module 'microarquiteturaQsys_nios2_gen2_0_cpu'
Info: cpu: "nios2_gen2_0" instantiated altera_nios2_gen2_unit "cpu"
Info: nios2_gen2_0_data_master_translator: "mm_interconnect_0" instantiated altera_merlin_master_translator "nios2_gen2_0_data_master_translator"
Info: jtag_uart_0_avalon_jtag_slave_translator: "mm_interconnect_0" instantiated altera_merlin_slave_translator "jtag_uart_0_avalon_jtag_slave_translator"
Info: nios2_gen2_0_data_master_agent: "mm_interconnect_0" instantiated altera_merlin_master_agent "nios2_gen2_0_data_master_agent"
Info: jtag_uart_0_avalon_jtag_slave_agent: "mm_interconnect_0" instantiated altera_merlin_slave_agent "jtag_uart_0_avalon_jtag_slave_agent"
Info: jtag_uart_0_avalon_jtag_slave_agent_rsp_fifo: "mm_interconnect_0" instantiated altera_avalon_sc_fifo "jtag_uart_0_avalon_jtag_slave_agent_rsp_fifo"
Info: router: "mm_interconnect_0" instantiated altera_merlin_router "router"
Info: router_002: "mm_interconnect_0" instantiated altera_merlin_router "router_002"
Info: cmd_demux: "mm_interconnect_0" instantiated altera_merlin_demultiplexer "cmd_demux"
Info: cmd_mux: "mm_interconnect_0" instantiated altera_merlin_multiplexer "cmd_mux"
Info: rsp_demux: "mm_interconnect_0" instantiated altera_merlin_demultiplexer "rsp_demux"
Info: rsp_mux: "mm_interconnect_0" instantiated altera_merlin_multiplexer "rsp_mux"
Info: Reusing file /home/prometheus/quartus-workspace/microarquitetura/microarquiteturaQsys/synthesis/submodules/altera_merlin_arbitrator.sv
Info: avalon_st_adapter: "mm_interconnect_0" instantiated altera_avalon_st_adapter "avalon_st_adapter"
Info: error_adapter_0: "avalon_st_adapter" instantiated error_adapter "error_adapter_0"
Info: microarquiteturaQsys: Done "microarquiteturaQsys" with 23 modules, 35 files
Info: qsys-generate succeeded.
Info: Finished: Create HDL design files for synthesis
