Flow report for microarquitetura
Thu Jun 20 16:46:12 2019
Quartus Prime Version 18.1.0 Build 625 09/12/2018 SJ Lite Edition


---------------------
; Table of Contents ;
---------------------
  1. Legal Notice
  2. Flow Summary
  3. Flow Settings
  4. Flow Non-Default Global Settings
  5. Flow Elapsed Time
  6. Flow OS Summary
  7. Flow Log
  8. Flow Messages
  9. Flow Suppressed Messages



----------------
; Legal Notice ;
----------------
Copyright (C) 2018  Intel Corporation. All rights reserved.
Your use of Intel Corporation's design tools, logic functions 
and other software and tools, and its AMPP partner logic 
functions, and any output files from any of the foregoing 
(including device programming or simulation files), and any 
associated documentation or information are expressly subject 
to the terms and conditions of the Intel Program License 
Subscription Agreement, the Intel Quartus Prime License Agreement,
the Intel FPGA IP License Agreement, or other applicable license
agreement, including, without limitation, that your use is for
the sole purpose of programming logic devices manufactured by
Intel and sold by Intel or its authorized distributors.  Please
refer to the applicable agreement for further details.



+----------------------------------------------------------------------------------+
; Flow Summary                                                                     ;
+------------------------------------+---------------------------------------------+
; Flow Status                        ; Successful - Thu Jun 20 16:46:12 2019       ;
; Quartus Prime Version              ; 18.1.0 Build 625 09/12/2018 SJ Lite Edition ;
; Revision Name                      ; microarquitetura                            ;
; Top-level Entity Name              ; microarquitetura                            ;
; Family                             ; Cyclone IV E                                ;
; Device                             ; EP4CE30F23C7                                ;
; Timing Models                      ; Final                                       ;
; Total logic elements               ; 1,732 / 28,848 ( 6 % )                      ;
;     Total combinational functions  ; 1,618 / 28,848 ( 6 % )                      ;
;     Dedicated logic registers      ; 939 / 28,848 ( 3 % )                        ;
; Total registers                    ; 939                                         ;
; Total pins                         ; 17 / 329 ( 5 % )                            ;
; Total virtual pins                 ; 0                                           ;
; Total memory bits                  ; 44,032 / 608,256 ( 7 % )                    ;
; Embedded Multiplier 9-bit elements ; 0 / 132 ( 0 % )                             ;
; Total PLLs                         ; 0 / 4 ( 0 % )                               ;
+------------------------------------+---------------------------------------------+


+-----------------------------------------+
; Flow Settings                           ;
+-------------------+---------------------+
; Option            ; Setting             ;
+-------------------+---------------------+
; Start date & time ; 04/04/2019 01:00:07 ;
; Main task         ; Compilation         ;
; Revision Name     ; microarquitetura    ;
+-------------------+---------------------+


+------------------------------------------------------------------------------------------------------------------------------------------+
; Flow Non-Default Global Settings                                                                                                         ;
+-------------------------------------+-----------------------------------------------------+---------------+-------------+----------------+
; Assignment Name                     ; Value                                               ; Default Value ; Entity Name ; Section Id     ;
+-------------------------------------+-----------------------------------------------------+---------------+-------------+----------------+
; COMPILER_SIGNATURE_ID               ; 9474723156289.155435040709989                       ; --            ; --          ; --             ;
; EDA_OUTPUT_DATA_FORMAT              ; Verilog Hdl                                         ; --            ; --          ; eda_simulation ;
; EDA_SIMULATION_TOOL                 ; ModelSim-Altera (Verilog)                           ; <None>        ; --          ; --             ;
; EDA_TIME_SCALE                      ; 1 ps                                                ; --            ; --          ; eda_simulation ;
; IP_SEARCH_PATHS                     ; /home/prometheus/quartus-workspace/microarquitetura ; --            ; --          ; --             ;
; MAX_CORE_JUNCTION_TEMP              ; 85                                                  ; --            ; --          ; --             ;
; MIN_CORE_JUNCTION_TEMP              ; 0                                                   ; --            ; --          ; --             ;
; NOMINAL_CORE_SUPPLY_VOLTAGE         ; 1.2V                                                ; --            ; --          ; --             ;
; PARTITION_COLOR                     ; -- (Not supported for targeted family)              ; --            ; --          ; Top            ;
; PARTITION_FITTER_PRESERVATION_LEVEL ; -- (Not supported for targeted family)              ; --            ; --          ; Top            ;
; PARTITION_NETLIST_TYPE              ; -- (Not supported for targeted family)              ; --            ; --          ; Top            ;
; POWER_BOARD_THERMAL_MODEL           ; None (CONSERVATIVE)                                 ; --            ; --          ; --             ;
; POWER_PRESET_COOLING_SOLUTION       ; 23 MM HEAT SINK WITH 200 LFPM AIRFLOW               ; --            ; --          ; --             ;
; PROJECT_OUTPUT_DIRECTORY            ; output_files                                        ; --            ; --          ; --             ;
+-------------------------------------+-----------------------------------------------------+---------------+-------------+----------------+


+-----------------------------------------------------------------------------------------------------------------------------+
; Flow Elapsed Time                                                                                                           ;
+-------------------------+--------------+-------------------------+---------------------+------------------------------------+
; Module Name             ; Elapsed Time ; Average Processors Used ; Peak Virtual Memory ; Total CPU Time (on all processors) ;
+-------------------------+--------------+-------------------------+---------------------+------------------------------------+
; Analysis & Synthesis    ; 00:01:27     ; 1.0                     ; 1052 MB             ; 00:02:31                           ;
; Fitter                  ; 00:00:39     ; 1.1                     ; 1553 MB             ; 00:00:39                           ;
; Assembler               ; 00:00:07     ; 1.0                     ; 797 MB              ; 00:00:06                           ;
; Timing Analyzer         ; 00:00:07     ; 1.2                     ; 854 MB              ; 00:00:07                           ;
; EDA Netlist Writer      ; 00:00:13     ; 1.0                     ; 1054 MB             ; 00:00:11                           ;
; I/O Assignment Analysis ; 00:00:30     ; 1.0                     ; 5011 MB             ; 00:00:09                           ;
; I/O Assignment Analysis ; 00:00:07     ; 1.0                     ; 4921 MB             ; 00:00:05                           ;
; Total                   ; 00:03:10     ; --                      ; --                  ; 00:03:48                           ;
+-------------------------+--------------+-------------------------+---------------------+------------------------------------+


+-----------------------------------------------------------------------------------------+
; Flow OS Summary                                                                         ;
+-------------------------+------------------+--------------+------------+----------------+
; Module Name             ; Machine Hostname ; OS Name      ; OS Version ; Processor type ;
+-------------------------+------------------+--------------+------------+----------------+
; Analysis & Synthesis    ; prometheus-pc    ; Ubuntu 18.10 ; 18         ; x86_64         ;
; Fitter                  ; prometheus-pc    ; Ubuntu 18.10 ; 18         ; x86_64         ;
; Assembler               ; prometheus-pc    ; Ubuntu 18.10 ; 18         ; x86_64         ;
; Timing Analyzer         ; prometheus-pc    ; Ubuntu 18.10 ; 18         ; x86_64         ;
; EDA Netlist Writer      ; prometheus-pc    ; Ubuntu 18.10 ; 18         ; x86_64         ;
; I/O Assignment Analysis ; DESKTOP-1BCB0D3  ; Windows 10   ; 10.0       ; x86_64         ;
; I/O Assignment Analysis ; DESKTOP-1BCB0D3  ; Windows 10   ; 10.0       ; x86_64         ;
+-------------------------+------------------+--------------+------------+----------------+


------------
; Flow Log ;
------------
quartus_map --read_settings_files=on --write_settings_files=off microarquitetura -c microarquitetura
quartus_fit --read_settings_files=off --write_settings_files=off microarquitetura -c microarquitetura
quartus_asm --read_settings_files=off --write_settings_files=off microarquitetura -c microarquitetura
quartus_sta microarquitetura -c microarquitetura
quartus_eda --read_settings_files=off --write_settings_files=off microarquitetura -c microarquitetura
quartus_fit --read_settings_files=on --write_settings_files=off microarquitetura -c microarquitetura --plan
quartus_fit --read_settings_files=on --write_settings_files=off microarquitetura -c microarquitetura --plan



